<?xml version="1.0" encoding="UTF-8"?>
<testsuite xmlns:xsi="http://www.w3.org/2001/XMLSchema-instance" xsi:noNamespaceSchemaLocation="https://maven.apache.org/surefire/maven-surefire-plugin/xsd/surefire-test-report.xsd" name="mainTest" time="17.548" tests="5" errors="0" skipped="0" failures="0">
  <properties>
[...]
</properties>
  <testcase name="purchase_flight{ChromeDriver}" classname="mainTest" time="4.989"/>
  <testcase name="testHeadlessBrowser{HtmlUnitDriver}" classname="mainTest" time="1.706"/>
  <testcase name="testWithOneChrome{ChromeDriver}" classname="mainTest" time="3.148"/>
  <testcase name="main{ChromeDriver}" classname="mainTest" time="3.969"/>
  <testcase name="pick_flight{ChromeDriver}" classname="mainTest" time="3.729"/>
</testsuite>