<?xml version="1.0" encoding="UTF-8"?>
<testsuite xmlns:xsi="http://www.w3.org/2001/XMLSchema-instance" xsi:noNamespaceSchemaLocation="https://maven.apache.org/surefire/maven-surefire-plugin/xsd/surefire-test-report.xsd" name="mainTest" time="10.553" tests="3" errors="0" skipped="0" failures="0">
  <properties>
[...]
</properties>
  <testcase name="purchase_flight" classname="mainTest" time="4.019"/>
  <testcase name="main" classname="mainTest" time="3.066"/>
  <testcase name="pick_flight" classname="mainTest" time="3.458"/>
</testsuite>