-------------------------------------------------------------------------------
Test set: AddressResolverTest
-------------------------------------------------------------------------------
Tests run: 2, Failures: 1, Errors: 1, Skipped: 0, Time elapsed: 0.631 s <<< FAILURE! - in AddressResolverTest
AddressResolverTest.validInput  Time elapsed: 0.6 s  <<< FAILURE!
org.opentest4j.AssertionFailedError: Unexpected exception type thrown ==> expected: <java.lang.IndexOutOfBoundsException> but was: <org.apache.http.client.ClientProtocolException>
	at AddressResolverTest.validInput(AddressResolverTest.java:51)
Caused by: org.apache.http.client.ClientProtocolException
	at AddressResolverTest.validInput(AddressResolverTest.java:51)
Caused by: org.apache.http.ProtocolException: Target host is not specified
	at AddressResolverTest.validInput(AddressResolverTest.java:51)

AddressResolverTest.findAddressForLocation  Time elapsed: 0.014 s  <<< ERROR!
org.apache.http.client.ClientProtocolException
	at AddressResolverTest.findAddressForLocation(AddressResolverTest.java:37)
Caused by: org.apache.http.ProtocolException: Target host is not specified
	at AddressResolverTest.findAddressForLocation(AddressResolverTest.java:37)

