-------------------------------------------------------------------------------
Test set: AddressResolverTest
-------------------------------------------------------------------------------
Tests run: 2, Failures: 1, Errors: 0, Skipped: 0, Time elapsed: 0.397 s <<< FAILURE! - in AddressResolverTest
AddressResolverTest.validInput  Time elapsed: 0.378 s  <<< FAILURE!
org.opentest4j.AssertionFailedError: Expected java.lang.IndexOutOfBoundsException to be thrown, but nothing was thrown.
	at AddressResolverTest.validInput(AddressResolverTest.java:51)

