<?xml version="1.0" encoding="UTF-8"?>
<testsuite xmlns:xsi="http://www.w3.org/2001/XMLSchema-instance" xsi:noNamespaceSchemaLocation="https://maven.apache.org/surefire/maven-surefire-plugin/xsd/surefire-test-report-3.0.xsd" version="3.0" name="AddressResolverTest" time="0.397" tests="2" errors="0" skipped="0" failures="1">
  <properties>
[...]
</properties>
  <testcase name="validInput" classname="AddressResolverTest" time="0.378">
    <failure type="org.opentest4j.AssertionFailedError"><![CDATA[org.opentest4j.AssertionFailedError: Expected java.lang.IndexOutOfBoundsException to be thrown, but nothing was thrown.
	at AddressResolverTest.validInput(AddressResolverTest.java:51)
]]></failure>
    <system-out><![CDATA[http://open.mapquestapi.com/geocoding/v1/reverse?key=onVNuhocy65IDvmu6t0KZGs2ashvtWzF&location=500%2C000000%2C10%2C000000&includeRoadMetadata=true
]]></system-out>
  </testcase>
  <testcase name="findAddressForLocation" classname="AddressResolverTest" time="0.005"/>
</testsuite>