<?xml version="1.0" encoding="UTF-8"?>
<testsuite xmlns:xsi="http://www.w3.org/2001/XMLSchema-instance" xsi:noNamespaceSchemaLocation="https://maven.apache.org/surefire/maven-surefire-plugin/xsd/surefire-test-report-3.0.xsd" version="3.0" name="AddressResolverTest" time="0.631" tests="2" errors="1" skipped="0" failures="1">
  <properties>
[...]
</properties>
  <testcase name="validInput" classname="AddressResolverTest" time="0.6">
    <failure type="org.opentest4j.AssertionFailedError"><![CDATA[org.opentest4j.AssertionFailedError: Unexpected exception type thrown ==> expected: <java.lang.IndexOutOfBoundsException> but was: <org.apache.http.client.ClientProtocolException>
	at AddressResolverTest.validInput(AddressResolverTest.java:51)
Caused by: org.apache.http.client.ClientProtocolException
	at AddressResolverTest.validInput(AddressResolverTest.java:51)
Caused by: org.apache.http.ProtocolException: Target host is not specified
	at AddressResolverTest.validInput(AddressResolverTest.java:51)
]]></failure>
    <system-out><![CDATA[NOT HERE
]]></system-out>
  </testcase>
  <testcase name="findAddressForLocation" classname="AddressResolverTest" time="0.014">
    <error type="org.apache.http.client.ClientProtocolException"><![CDATA[org.apache.http.client.ClientProtocolException
	at AddressResolverTest.findAddressForLocation(AddressResolverTest.java:37)
Caused by: org.apache.http.ProtocolException: Target host is not specified
	at AddressResolverTest.findAddressForLocation(AddressResolverTest.java:37)
]]></error>
    <system-out><![CDATA[NOT HERE
]]></system-out>
  </testcase>
</testsuite>