-------------------------------------------------------------------------------
Test set: hw.weatherbit.homework.HomeworkApplicationTests
-------------------------------------------------------------------------------
Tests run: 1, Failures: 0, Errors: 1, Skipped: 0, Time elapsed: 1.288 s <<< FAILURE! - in hw.weatherbit.homework.HomeworkApplicationTests
contextLoads  Time elapsed: 0 s  <<< ERROR!
java.lang.IllegalStateException: Failed to load ApplicationContext
Caused by: org.springframework.beans.factory.BeanCreationException: Error creating bean with name 'apiController' defined in file [D:\pedro\Documentos\Github\TQS\homework\target\classes\hw\weatherbit\homework\ApiController.class]: Instantiation of bean failed; nested exception is org.springframework.beans.BeanInstantiationException: Failed to instantiate [hw.weatherbit.homework.ApiController]: Constructor threw exception; nested exception is java.lang.NoSuchMethodError: 'void hw.weatherbit.homework.LatLng.<init>(double, double)'
Caused by: org.springframework.beans.BeanInstantiationException: Failed to instantiate [hw.weatherbit.homework.ApiController]: Constructor threw exception; nested exception is java.lang.NoSuchMethodError: 'void hw.weatherbit.homework.LatLng.<init>(double, double)'
Caused by: java.lang.NoSuchMethodError: 'void hw.weatherbit.homework.LatLng.<init>(double, double)'

