<?xml version="1.0" encoding="UTF-8"?>
<testsuite xmlns:xsi="http://www.w3.org/2001/XMLSchema-instance" xsi:noNamespaceSchemaLocation="https://maven.apache.org/surefire/maven-surefire-plugin/xsd/surefire-test-report.xsd" name="hw.weatherbit.homework.ApiRestTest" time="4.945" tests="4" errors="1" skipped="0" failures="0">
  <properties>
[...]
</properties>
  <testcase name="getWeatherByAddress" classname="hw.weatherbit.homework.ApiRestTest" time="1.84">
    <error type="java.lang.NullPointerException">java.lang.NullPointerException
	at hw.weatherbit.homework.ApiRestTest.getWeatherByAddress(ApiRestTest.java:97)
</error>
    <system-out><![CDATA[18:28:26.102 [main] INFO com.byteowls.jopencage.JOpenCageGeocoder - JOpencage request url 'http://api.opencagedata.com/geocode/v1/json?q=Churrasqueira+Don+Torradinho%2C+Rua+do+Gravito%2C+3800-196+Aveiro%2C+Portugal&key=04d52af6c36e4f2bbf04224f96cfcbcc'
18:28:26.252 [main] DEBUG org.apache.http.client.protocol.RequestAddCookies - CookieSpec selected: default
18:28:26.263 [main] DEBUG org.apache.http.client.protocol.RequestAuthCache - Auth cache not set in the context
18:28:26.265 [main] DEBUG org.apache.http.impl.conn.PoolingHttpClientConnectionManager - Connection request: [route: {}->http://api.opencagedata.com:80][total available: 0; route allocated: 0 of 2; total allocated: 0 of 20]
18:28:26.282 [main] DEBUG org.apache.http.impl.conn.PoolingHttpClientConnectionManager - Connection leased: [id: 0][route: {}->http://api.opencagedata.com:80][total available: 0; route allocated: 1 of 2; total allocated: 1 of 20]
18:28:26.285 [main] DEBUG org.apache.http.impl.execchain.MainClientExec - Opening connection {}->http://api.opencagedata.com:80
18:28:26.289 [main] DEBUG org.apache.http.impl.conn.DefaultHttpClientConnectionOperator - Connecting to api.opencagedata.com/95.216.158.244:80
18:28:26.375 [main] DEBUG org.apache.http.impl.conn.DefaultHttpClientConnectionOperator - Connection established 10.60.16.149:51232<->95.216.158.244:80
18:28:26.376 [main] DEBUG org.apache.http.impl.execchain.MainClientExec - Executing request GET /geocode/v1/json?q=Churrasqueira+Don+Torradinho%2C+Rua+do+Gravito%2C+3800-196+Aveiro%2C+Portugal&key=04d52af6c36e4f2bbf04224f96cfcbcc HTTP/1.1
18:28:26.376 [main] DEBUG org.apache.http.impl.execchain.MainClientExec - Target auth state: UNCHALLENGED
18:28:26.377 [main] DEBUG org.apache.http.impl.execchain.MainClientExec - Proxy auth state: UNCHALLENGED
18:28:26.379 [main] DEBUG org.apache.http.headers - http-outgoing-0 >> GET /geocode/v1/json?q=Churrasqueira+Don+Torradinho%2C+Rua+do+Gravito%2C+3800-196+Aveiro%2C+Portugal&key=04d52af6c36e4f2bbf04224f96cfcbcc HTTP/1.1
18:28:26.379 [main] DEBUG org.apache.http.headers - http-outgoing-0 >> Host: api.opencagedata.com
18:28:26.379 [main] DEBUG org.apache.http.headers - http-outgoing-0 >> Connection: Keep-Alive
18:28:26.379 [main] DEBUG org.apache.http.headers - http-outgoing-0 >> User-Agent: Apache-HttpClient/4.5.13 (Java/11.0.11)
18:28:26.379 [main] DEBUG org.apache.http.headers - http-outgoing-0 >> Accept-Encoding: gzip,deflate
18:28:26.379 [main] DEBUG org.apache.http.wire - http-outgoing-0 >> "GET /geocode/v1/json?q=Churrasqueira+Don+Torradinho%2C+Rua+do+Gravito%2C+3800-196+Aveiro%2C+Portugal&key=04d52af6c36e4f2bbf04224f96cfcbcc HTTP/1.1[\r][\n]"
18:28:26.379 [main] DEBUG org.apache.http.wire - http-outgoing-0 >> "Host: api.opencagedata.com[\r][\n]"
18:28:26.380 [main] DEBUG org.apache.http.wire - http-outgoing-0 >> "Connection: Keep-Alive[\r][\n]"
18:28:26.380 [main] DEBUG org.apache.http.wire - http-outgoing-0 >> "User-Agent: Apache-HttpClient/4.5.13 (Java/11.0.11)[\r][\n]"
18:28:26.380 [main] DEBUG org.apache.http.wire - http-outgoing-0 >> "Accept-Encoding: gzip,deflate[\r][\n]"
18:28:26.380 [main] DEBUG org.apache.http.wire - http-outgoing-0 >> "[\r][\n]"
18:28:26.608 [main] DEBUG org.apache.http.wire - http-outgoing-0 << "HTTP/1.1 200 OK[\r][\n]"
18:28:26.608 [main] DEBUG org.apache.http.wire - http-outgoing-0 << "date: Thu, 13 May 2021 17:28:25 GMT[\r][\n]"
18:28:26.608 [main] DEBUG org.apache.http.wire - http-outgoing-0 << "server: Apache[\r][\n]"
18:28:26.608 [main] DEBUG org.apache.http.wire - http-outgoing-0 << "access-control-allow-origin: *[\r][\n]"
18:28:26.608 [main] DEBUG org.apache.http.wire - http-outgoing-0 << "x-ratelimit-limit: 2500[\r][\n]"
18:28:26.608 [main] DEBUG org.apache.http.wire - http-outgoing-0 << "x-ratelimit-remaining: 2317[\r][\n]"
18:28:26.608 [main] DEBUG org.apache.http.wire - http-outgoing-0 << "x-ratelimit-reset: 1620950400[\r][\n]"
18:28:26.608 [main] DEBUG org.apache.http.wire - http-outgoing-0 << "vary: Accept-Encoding[\r][\n]"
18:28:26.609 [main] DEBUG org.apache.http.wire - http-outgoing-0 << "content-encoding: gzip[\r][\n]"
18:28:26.609 [main] DEBUG org.apache.http.wire - http-outgoing-0 << "x-frame-options: DENY[\r][\n]"
18:28:26.609 [main] DEBUG org.apache.http.wire - http-outgoing-0 << "x-xss-protection: 1; mode=block[\r][\n]"
18:28:26.609 [main] DEBUG org.apache.http.wire - http-outgoing-0 << "content-length: 1517[\r][\n]"
18:28:26.609 [main] DEBUG org.apache.http.wire - http-outgoing-0 << "content-type: application/json; charset=utf-8[\r][\n]"
18:28:26.609 [main] DEBUG org.apache.http.wire - http-outgoing-0 << "strict-transport-security: max-age=31536000; includeSubDomains; preload[\r][\n]"
18:28:26.609 [main] DEBUG org.apache.http.wire - http-outgoing-0 << "[\r][\n]"
18:28:26.609 [main] DEBUG org.apache.http.wire - http-outgoing-0 << "[0x1f][0x8b][0x8][0x0][0x0][0x0][0x0][0x0][0x0][0x3][0xed]Wmo[0xdb]6[0x10][0xfe]+[0x82][\n]"
18:28:26.609 [main] DEBUG org.apache.http.wire - http-outgoing-0 << "4[0x1f][0xe6][0xc8][0xd4][0xbb][0xe4]!([0xb2]$[0xeb][0x8a][0xd5]I[0x90][0x97][0xf6][0xc3]Z[0x8][0xb4]D[l$R![0xa9]8/[0xc8][0xdf][0x1d]m'[0xce][[[0xac][0xd8][0x80][0x1][0x85][0x1]C:[0x1e][0xef][0x8e][0xcf][0xdd]sG[0xdd][0xb8][0x95],[0xfb][0x96][0x9]C[\r][0x97][0xc2][0x1d][0xb9][0xb5]1[0x9d][0x1e][\r][0x87][0xb2]c[0xa2][0xa4]3VQC[0xbd]R[0xb6]C[0xda]qw[0xe0]6[0xbc]dB3[0xed][0x8e][0xfe][0xba]q[0x5]m[0x19]l[0xd1][0x8c]9[0xd4][0x18][0xc5]'=[0x1a]qf=[0xaf][0x18][0xe8][0xf6][0xaa][0xf9][0x9a][0xc1]R[0xb1][0x8a][0x1b][0xed][0xde]~[0x1e][0xb8][0x8a][0x1a][0xb0]t[0x3][0xe6][n[0xdc]Q[0x10][0x13][0x2]B[0xd6]R.[0xb8][0x98][0x81] [0xf4]S[0x14]h[0x6][0xab]~[0x12][0x90]<&[0x11]![0xb7]V[0xd6]7f[0x11][0xf][0x15]B.[0xe][0xa2][0xd1][0xd8][0xee][0xf8][0xd8][0xda][0xa4][0xb0][0xc7][0x8d][0xc8][0xa7][0x9e][0x90][0x9]q[0xc2]l[0xc3][0x89][0x88][0x97][0xa5]A[0x16]ml8[0xfb]x(t[0xe1]fk[\n]"
18:28:26.609 [main] DEBUG org.apache.http.wire - http-outgoing-0 << "q[0xe2][0xa5]~[0x9e]d[0xa0][0xf0][0xd1][0x5]/[0xe3][0xb7]G`[0xcb][\r][0xf2][0x93][0xfd][0xbd] OR[0x92][0xe7]a[0x1a][0xc1][0xd6]1[0x85][0xb3][0x8a][0x9a][0xd1][\n]"
18:28:26.610 [main] DEBUG org.apache.http.wire - http-outgoing-0 << "[0x96][0xdf][0xed][0xc7][0xe4][0xbc][0xb][0xa2]R[0xe1][\n]"
18:28:26.610 [main] DEBUG org.apache.http.wire - http-outgoing-0 << "S%5Ra[0x8][0x97][0xee]h3O[0x82][0xcc][0xf]<?[0xf1][0x7][0xee][0x95];[0x8a][0xf2]0[0x8][0xc2][0xd8][0xb][0xb2][0xc][0xec][0x1f][0x1c][0x8f]Q[0xf][0x1])[0x1e][0xc2]6[0x9f][0xcf]=[0x84]N[0x1b][0xc5][0x98]ii[0xe7]I5[0x1b][0xa2][0xe2][0x1b]!+[0xb6][0xe5][0xa7]y[0x9e][0x90]([0xf][0xc2]W[0xb0][0xb8][0xe5]'C8\[0x12]EI>[0xdc][0xcc][0xe0]!'9[0x4][0x3][0xb8][0xb0][0xef]2[0x8c][0x8a]C[0xc1][0xe6]/[0x1a]{[0xdd][0xd0]+[0xa6][0xf4][0xd6][0xfe][0x93][0x4]?o[0xf0]M[0xb][0xf8]o[0xad][0xcc][0xbc]n[0x1b])[0xb6]V[0xb6]^[0x8e][0x18] 9[0xdd]/[0xc6]Q[0x8e][0xa8](6[[0xa5]t[0xef][0xf4][0xe8][0xe0]p[0xf][0x9c][0xfa]1[0x81][0x0][0xe]O[0xe0][0x11][0xaa][0x1][0x1e][0x8f][0xf]NO[0xfe][0xd8];[0xda]/[0xee]TH[0x88]'[0xff]xp[0xf4]~[0x17][0xdf][0x88][0x8f]V5[0xd6][0x87]6[0xbc][0xa4]M1S[0xb2][0xef][0xa0][0xbc][0xb0]x[0xdc][0xf1][0xde][0xee][0x8e][0xfb][0x19]4`[0xa5][0x1]a[0x9][0xe0][0xba][0xa3]0[0x86]l[0x95][0xbd]RP[0xbb]W[0x18][0x0]m[0xc]S[0x2][0xaa][0xb5][0xd0]W[0xed]D6[0xb8][0x17][0xea][0xb7]b%o[0xc1]dK[0xd5][0x19]8[0x1b][0xc0][0xaf]6mS[0x0][0xb1][0xb8][0x81][0x8d][0xee][0xeb]W[0x97][0x1][0xd9][0xde][0xf9][0x15][0x16][0xb8][0x96][0xc5][0xc2]:[0x1e]g)[0x10]@B[0xc5]K[0x90][0xe5]i[0x86][0x9][Pk[0xaf]W[0x12][0xde]4[0xd8]n[0x98]6[0x5][0xd4][0x9a]l[0xb9]X[0x92][0x15]b[0xd3][0xfd][0xa4][0x17]H[0x19]w[0x7]|[0xb9]w[0x82][0xc2][0xc8]b[0xb1][0xe0]#[0x95][0x16][0xc1][0x82][0xd6][0xa7]> [0xb4]tW[0x92]b[0xca][0x95][0x6]%P1[0xb5][0xec]5[0x15][0x95].4[0xeb][0xa8]Z[0x94][0xae][0xeb]!h[0xd3][0x86][0xce][0xec][0xde]*[0xb]K[0xf8][0xaf][0xa6][0xf1][0xda]3[0xa2]<c[0xb2][0xa6][0xba][0x6]%v[0xed]_[0xc7][0xdd][0x97][0xbe][0x9d][0xcf][0xca]s[0x1d]%[0xe7],[0xf3]A[0xe1][0x9c]O[0x1a]j[0x83][0x1][0x6][0x0]k%[0xad][0xb8][0x98]J[0x84][0xb4]R[0xfc][0x82][0x15][0xb6][0xf9](>[0xab][0xf1][0x10][0xb8][0xc][0xaf]G=u*[0xe9][0xbc]U[0xf4][0x82][0x1b][0x8b]C[0xc7]XUpT=k[0x87][0xb5]Mh/l[0x8d]pm[0x1b][0x8][0xed] vD[0xc2]v[0x89],[0xb][0x83][0x4][0xce]F[0xa1]&%"[0x7][0xc9]][0xae][0xa4]I[0x82][0xc0][0x94][0xfc][0x82][0xaf]D[0x99][0x1f][0xa1]H[0xd0][0xde][0xac]+[0xe6]~[0x80][0x8d][0xc6][0xb6][0x9e][0xc7][0xe][0xf2][0x10][0x98][0xf7][0xac][0x83]<[0xf2][0xe3][0xec][0xa1][0x83]<L[0xd2][0xec][0x89][0x83]<[0xcc]IBn[0xc1][0x83][0xe1]-[0xbb][0x96][0xc2][0x9e]c-[0xff][0x1d][0x1b][0xbe][0xe7]z[0x2][0x0]![0x8f][0xe7]p[0xfc][0xa2][0xc2][0x9c]A[0xf6][0xe5]t[\n]"
18:28:26.610 [main] DEBUG org.apache.http.wire - http-outgoing-0 << "aA[0xc2][0xa0]pB{[0x9e][0x95][0x4][0xba][0xb1]mj[0xbf][0x10][0x80][0x1c][0x91][0xab][0xa5]2[0xc5][0xd2][0xea][0xc7][0xbd][0xe3][0x13][0xc4]n^S[0x13][0xce][0xa5][0xaa],[0xb7][0x96][0xf][0xee][0x94][0xcf][0xb4][0xa7][0x1b]9[0x83]^[0xed][0xb1][0xb6]c[\n]"
18:28:26.610 [main] DEBUG org.apache.http.wire - http-outgoing-0 << "*[0x1][0xe3][0x9b][0xc8]^,T[0x5][0x18][0x83][0x9e][0xa7][0xcd]]]P8[\r][0x93]|[0xd9]N[0x97]T[0xe]m{[0xd3][0xb2]7[0xf5][0x9c]=[0xd1]O[0x1e][0xeb][0xfb][0xa8][0x8f]$[0x94]m[0x7]H[0x8]c[0xdd][0xbd];>(B?I6[0xfd][0x82]6]M7[0x3][0x8][0x13][0xb8]?x[0xba][0x12][0xe2][0xca][0x11].[0x15][0xd0]}[0xd9]L*d[0x1f][0x98][0x3]z[0x95]8[0x94][\n]"
18:28:26.611 [main] DEBUG org.apache.http.wire - http-outgoing-0 << "s[0xd5]![0x6]S[0x88][0xbe][0x98]JY[0xb9][0x98]#[0xcb][0xd1][0xed][0xb][0xc6]-[0xdd][0xf0][0xbd][0xa8]8[0x82]X"[0xb5][0xde]68[0x1a][0xa6][0xa1][0xe2][0xd4]a[0xce][0x7][0xa6][0xa8][0xb3][0xa3][0xfa]k[0xd4][0x94]@pa[0xcb]a[0x99]++[0xec][0x85][0xb1]~[0xf][0x1][0xa7]~[0x6][0x99][0xbe][0x13][0xae][0x98][0xdf][0x99][0x95][0xec][0xa1]g+Y)m[0xc0][0xf6]p[0x1f])[0x90][0xbc][0x86]^D[0xf5]y[0xf][0xfa][0xd4][0xd9][0x85]a{"A[0x0]\[0xaa]q{'[0x1b][0xbe][0xe8]m[0xc0]}[0xcb][0xa8]EPT8[0xa7]V[0x80]*[0xda],[0xcd][0x87][0x19]![0x9b]0[0xe5][0xbe]F8c[0x7][0xb3]m.[0xea]N[0xb0][0x8e][0xcd]o[0x94]_J[0xe7][0x83][0x84]c.[0xbb][0x8f][0x9a][0x80][0xf8][0x1e]$[0x9b]M1[0xc5]1[0x9][0x9][0x18]A[0xbe][0xa7]R[0xb5]p_`[0xdf]:[0xd0][0xc0]y[0x18][0xcf][0xc0]YE[0xec],[0x0][0x1b]8k[0x0]C[0xb]j[0x99][0x85][0xfd]a[0x89]e[0x8f]K2[0xb3]%[0xf6][0xbd][0xb7][0x85][0x14].[0x3][0xb9][0x97][0x81]c[0xf2][0xfc]m![0xdf]p[0x88]G[0xc8]b[0xfd][0x99][0xcb]B[0x9c]gy[0xe6][0xfb][0xe4][0x85][0xcb][0x82]O/[0x9f][0xbf],[0x0][0x17][0xbc]8[0x8f]W[0x97][0x5][0x12][0xa7][0xbe][0x17][0xe4][0xe9][0xfd]e[0xe1][0x87]fz[0x18][0x86][0xc4][0x8e][[0xb8]i[0x91]>[0xd3][0xd1][0xcc][0xfd]LG[/:[0xf9]9[0xd3][0xff][0xdf]3[0xfd][0xcb][0x97][0x84][0x9c][0xd5]l[0x92]^_\[0xcc]U[0xf4]h[0xa6]G[0xdf][0x9c][0xe9]?g[0xf7]0[0xbb]{1[0xa7][0x2]:[0xab][0x7][0xe9][0x15][0x82]5[0xde][0x14][0xba]4[0xd4][0x15][0x4][0xfc]/[0x8c][0xd5][0xbb]Yr?V[0xd7]D?6[0x1b][0xff][0xe1]({4m[0xd2][0x87][0xd3]f[0xa5][0xf6][0xed][0xc1][0x1][0xad]kmj[0xc4][0xb7][0xf8][0x91][0x8a]}[0xa6][0xb7][0xc8]-[0xbc][0x6][0x98][0xb4][0x96]i[\r]_[0xb5]`[0xfc][0xe0][0xcf]e3[0xba]*[0x90][0x6][0xaa]E[0x97]7[0xee][0x4]nRk[0x1d][0x15]_[0xbd][0xc7][0xdf][0xc2][0x10][0x85][0x99]s[0x8]R[0xad]i.%[0xf6][[0xf9][0x0]6[0xec][0xa0][0x1b],[0xb5][0x9a][0x8a]3L[0xf6][0xef]R9[0xbd][0x86]Zq[0x0][0x94][0x95][0x86][0xb3]}[0xf8][0xce]][0xd4]#[0x84][0xd2]v6\[0xc5] iU[0x81][0x96]a[0xdf]I[0xdd][0xf][0x1c]?t[0xc6][0xf4][0xca][0x9]H[0xe0];~:[\n]"
18:28:26.611 [main] DEBUG org.apache.http.wire - http-outgoing-0 << "2[0xf8][0xe8]v[0xde][0x8e]1[0xc5]+u[0x0][0xfe]rY[0xe7]A[0x92][0x93][0x18]}[0xc3][0xc4]l[0x8a][0xbb]o[0xee][0xe0][0xf6]o[0x1d][0xc5][0xc1][0x7]A[0x10][0x0][0x0]"
18:28:26.614 [main] DEBUG org.apache.http.headers - http-outgoing-0 << HTTP/1.1 200 OK
18:28:26.614 [main] DEBUG org.apache.http.headers - http-outgoing-0 << date: Thu, 13 May 2021 17:28:25 GMT
18:28:26.614 [main] DEBUG org.apache.http.headers - http-outgoing-0 << server: Apache
18:28:26.614 [main] DEBUG org.apache.http.headers - http-outgoing-0 << access-control-allow-origin: *
18:28:26.614 [main] DEBUG org.apache.http.headers - http-outgoing-0 << x-ratelimit-limit: 2500
18:28:26.614 [main] DEBUG org.apache.http.headers - http-outgoing-0 << x-ratelimit-remaining: 2317
18:28:26.614 [main] DEBUG org.apache.http.headers - http-outgoing-0 << x-ratelimit-reset: 1620950400
18:28:26.614 [main] DEBUG org.apache.http.headers - http-outgoing-0 << vary: Accept-Encoding
18:28:26.614 [main] DEBUG org.apache.http.headers - http-outgoing-0 << content-encoding: gzip
18:28:26.614 [main] DEBUG org.apache.http.headers - http-outgoing-0 << x-frame-options: DENY
18:28:26.614 [main] DEBUG org.apache.http.headers - http-outgoing-0 << x-xss-protection: 1; mode=block
18:28:26.615 [main] DEBUG org.apache.http.headers - http-outgoing-0 << content-length: 1517
18:28:26.615 [main] DEBUG org.apache.http.headers - http-outgoing-0 << content-type: application/json; charset=utf-8
18:28:26.615 [main] DEBUG org.apache.http.headers - http-outgoing-0 << strict-transport-security: max-age=31536000; includeSubDomains; preload
18:28:26.621 [main] DEBUG org.apache.http.impl.execchain.MainClientExec - Connection can be kept alive indefinitely
18:28:26.944 [main] DEBUG org.apache.http.impl.conn.PoolingHttpClientConnectionManager - Connection [id: 0][route: {}->http://api.opencagedata.com:80] can be kept alive indefinitely
18:28:26.944 [main] DEBUG org.apache.http.impl.conn.DefaultManagedHttpClientConnection - http-outgoing-0: set socket timeout to 0
18:28:26.944 [main] DEBUG org.apache.http.impl.conn.PoolingHttpClientConnectionManager - Connection released: [id: 0][route: {}->http://api.opencagedata.com:80][total available: 1; route allocated: 1 of 2; total allocated: 1 of 20]
18:28:26.945 [main] DEBUG org.apache.http.impl.conn.PoolingHttpClientConnectionManager - Connection manager is shutting down
18:28:26.946 [main] DEBUG org.apache.http.impl.conn.DefaultManagedHttpClientConnection - http-outgoing-0: Close connection
18:28:26.946 [main] DEBUG org.apache.http.impl.conn.PoolingHttpClientConnectionManager - Connection manager shut down
]]></system-out>
  </testcase>
  <testcase name="getStatistics" classname="hw.weatherbit.homework.ApiRestTest" time="1.523"/>
  <testcase name="getCachedData" classname="hw.weatherbit.homework.ApiRestTest" time="1.125"/>
  <testcase name="getWeatherByLocation" classname="hw.weatherbit.homework.ApiRestTest" time="0.456"/>
</testsuite>