<?xml version="1.0" encoding="UTF-8"?>
<testsuite xmlns:xsi="http://www.w3.org/2001/XMLSchema-instance" xsi:noNamespaceSchemaLocation="https://maven.apache.org/surefire/maven-surefire-plugin/xsd/surefire-test-report.xsd" name="hw.weatherbit.homework.ApiResTest" time="0" tests="5" errors="0" skipped="0" failures="0">
  <properties>
[...]
</properties>
  <testcase name="callGeolocationAPI" classname="hw.weatherbit.homework.ApiResTest" time="0"/>
  <testcase name="getStatistics" classname="hw.weatherbit.homework.ApiResTest" time="0"/>
  <testcase name="postWeatherByLocation" classname="hw.weatherbit.homework.ApiResTest" time="0"/>
  <testcase name="callAPI" classname="hw.weatherbit.homework.ApiResTest" time="0"/>
  <testcase name="postWather" classname="hw.weatherbit.homework.ApiResTest" time="0"/>
</testsuite>