<?xml version="1.0" encoding="UTF-8"?>
<testsuite xmlns:xsi="http://www.w3.org/2001/XMLSchema-instance" xsi:noNamespaceSchemaLocation="https://maven.apache.org/surefire/maven-surefire-plugin/xsd/surefire-test-report.xsd" name="hw.weatherbit.homework.ApiCallsMethodsTest" time="0.675" tests="3" errors="0" skipped="0" failures="0">
  <properties>
[...]
</properties>
  <testcase name="callGeolocationAPIByLatLng" classname="hw.weatherbit.homework.ApiCallsMethodsTest" time="0.122"/>
  <testcase name="callGeolocationAPIByAddress" classname="hw.weatherbit.homework.ApiCallsMethodsTest" time="0.003"/>
  <testcase name="callWeatherAPI" classname="hw.weatherbit.homework.ApiCallsMethodsTest" time="0.004"/>
</testsuite>