<?xml version="1.0" encoding="UTF-8"?>
<testsuite xmlns:xsi="http://www.w3.org/2001/XMLSchema-instance" xsi:noNamespaceSchemaLocation="https://maven.apache.org/surefire/maven-surefire-plugin/xsd/surefire-test-report.xsd" name="hw.weatherbit.homework.ApiRestTest" time="3.041" tests="4" errors="0" skipped="0" failures="0">
  <properties>
[...]
</properties>
  <testcase name="getWeatherByAddress" classname="hw.weatherbit.homework.ApiRestTest" time="2.618"/>
  <testcase name="getStatistics" classname="hw.weatherbit.homework.ApiRestTest" time="0.003"/>
  <testcase name="getCachedData" classname="hw.weatherbit.homework.ApiRestTest" time="0.004"/>
  <testcase name="getWeatherByLocation" classname="hw.weatherbit.homework.ApiRestTest" time="0.413"/>
</testsuite>