<?xml version="1.0" encoding="UTF-8"?>
<testsuite xmlns:xsi="http://www.w3.org/2001/XMLSchema-instance" xsi:noNamespaceSchemaLocation="https://maven.apache.org/surefire/maven-surefire-plugin/xsd/surefire-test-report.xsd" name="RestAssuredClassTest" time="2.064" tests="3" errors="0" skipped="0" failures="0">
  <properties>
[...]
</properties>
  <testcase name="testGetResponseBody" classname="RestAssuredClassTest" time="1.331"/>
  <testcase name="getResponseStatus" classname="RestAssuredClassTest" time="0.084"/>
  <testcase name="getSpecificPartOfResponseBody" classname="RestAssuredClassTest" time="0.634"/>
</testsuite>